<?xml version="1.0" encoding="UTF-8"?>
<testng-results skipped="0" failed="0" ignored="0" total="5" passed="5">
  <reporter-output>
    <line>
      <![CDATA[Setting up report and Test getting ready]]>
    </line>
    <line>
      <![CDATA[Setting Done-Test can be Stated]]>
    </line>
    <line>
      <![CDATA[Trying to start browser and getting application ready]]>
    </line>
    <line>
      <![CDATA[Browser and application is up and running]]>
    </line>
    <line>
      <![CDATA[Test is about to end]]>
    </line>
    <line>
      <![CDATA[Test completed>>Report generated]]>
    </line>
    <line>
      <![CDATA[Test is about to end]]>
    </line>
    <line>
      <![CDATA[Test completed>>Report generated]]>
    </line>
    <line>
      <![CDATA[Test is about to end]]>
    </line>
    <line>
      <![CDATA[Test completed>>Report generated]]>
    </line>
    <line>
      <![CDATA[Test is about to end]]>
    </line>
    <line>
      <![CDATA[Test completed>>Report generated]]>
    </line>
    <line>
      <![CDATA[Test is about to end]]>
    </line>
    <line>
      <![CDATA[Test completed>>Report generated]]>
    </line>
  </reporter-output>
  <suite name="Suite" duration-ms="46567" started-at="2021-02-11T18:01:43Z" finished-at="2021-02-11T18:02:30Z">
    <groups>
    </groups>
    <test name="Test" duration-ms="46567" started-at="2021-02-11T18:01:43Z" finished-at="2021-02-11T18:02:30Z">
      <class name="com.automation.testcases.LoginTest">
        <test-method status="PASS" signature="setupSuite()[pri:0, instance:com.automation.testcases.LoginTest@c038203]" name="setupSuite" is-config="true" duration-ms="736" started-at="2021-02-11T23:31:43Z" finished-at="2021-02-11T23:31:43Z">
          <reporter-output>
            <line>
              <![CDATA[Setting up report and Test getting ready]]>
            </line>
            <line>
              <![CDATA[Setting Done-Test can be Stated]]>
            </line>
          </reporter-output>
        </test-method> <!-- setupSuite -->
        <test-method status="PASS" signature="setup()[pri:0, instance:com.automation.testcases.LoginTest@c038203]" name="setup" is-config="true" duration-ms="11569" started-at="2021-02-11T23:31:43Z" finished-at="2021-02-11T23:31:55Z">
          <reporter-output>
            <line>
              <![CDATA[Trying to start browser and getting application ready]]>
            </line>
            <line>
              <![CDATA[Browser and application is up and running]]>
            </line>
          </reporter-output>
        </test-method> <!-- setup -->
        <test-method status="PASS" signature="InalidLoginApp(java.lang.String, java.lang.String)[pri:0, instance:com.automation.testcases.LoginTest@c038203]" name="InalidLoginApp" duration-ms="6325" started-at="2021-02-11T23:31:55Z" data-provider="wordpressData" finished-at="2021-02-11T23:32:01Z">
          <params>
            <param index="0">
              <value>
                <![CDATA[Tukaram]]>
              </value>
            </param>
            <param index="1">
              <value>
                <![CDATA[Hello]]>
              </value>
            </param>
          </params>
          <reporter-output>
          </reporter-output>
        </test-method> <!-- InalidLoginApp -->
        <test-method status="PASS" signature="tearDownMethod(org.testng.ITestResult)[pri:0, instance:com.automation.testcases.LoginTest@c038203]" name="tearDownMethod" is-config="true" duration-ms="885" started-at="2021-02-11T23:32:01Z" finished-at="2021-02-11T23:32:02Z">
          <params>
            <param index="0">
              <value>
                <![CDATA[[TestResult name=InalidLoginApp status=SUCCESS method=LoginTest.InalidLoginApp(java.lang.String, java.lang.String)[pri:0, instance:com.automation.testcases.LoginTest@c038203] output={null}]]]>
              </value>
            </param>
          </params>
          <reporter-output>
            <line>
              <![CDATA[Test is about to end]]>
            </line>
            <line>
              <![CDATA[Test completed>>Report generated]]>
            </line>
          </reporter-output>
        </test-method> <!-- tearDownMethod -->
        <test-method status="PASS" signature="InalidLoginApp(java.lang.String, java.lang.String)[pri:0, instance:com.automation.testcases.LoginTest@c038203]" name="InalidLoginApp" duration-ms="5390" started-at="2021-02-11T23:32:02Z" data-provider="wordpressData" finished-at="2021-02-11T23:32:08Z">
          <params>
            <param index="0">
              <value>
                <![CDATA[Admin1]]>
              </value>
            </param>
            <param index="1">
              <value>
                <![CDATA[demo123]]>
              </value>
            </param>
          </params>
          <reporter-output>
          </reporter-output>
        </test-method> <!-- InalidLoginApp -->
        <test-method status="PASS" signature="tearDownMethod(org.testng.ITestResult)[pri:0, instance:com.automation.testcases.LoginTest@c038203]" name="tearDownMethod" is-config="true" duration-ms="247" started-at="2021-02-11T23:32:08Z" finished-at="2021-02-11T23:32:08Z">
          <params>
            <param index="0">
              <value>
                <![CDATA[[TestResult name=InalidLoginApp status=SUCCESS method=LoginTest.InalidLoginApp(java.lang.String, java.lang.String)[pri:0, instance:com.automation.testcases.LoginTest@c038203] output={null}]]]>
              </value>
            </param>
          </params>
          <reporter-output>
            <line>
              <![CDATA[Test is about to end]]>
            </line>
            <line>
              <![CDATA[Test completed>>Report generated]]>
            </line>
          </reporter-output>
        </test-method> <!-- tearDownMethod -->
        <test-method status="PASS" signature="InalidLoginApp(java.lang.String, java.lang.String)[pri:0, instance:com.automation.testcases.LoginTest@c038203]" name="InalidLoginApp" duration-ms="5369" started-at="2021-02-11T23:32:08Z" data-provider="wordpressData" finished-at="2021-02-11T23:32:13Z">
          <params>
            <param index="0">
              <value>
                <![CDATA[Admin]]>
              </value>
            </param>
            <param index="1">
              <value>
                <![CDATA[demo12]]>
              </value>
            </param>
          </params>
          <reporter-output>
          </reporter-output>
        </test-method> <!-- InalidLoginApp -->
        <test-method status="PASS" signature="tearDownMethod(org.testng.ITestResult)[pri:0, instance:com.automation.testcases.LoginTest@c038203]" name="tearDownMethod" is-config="true" duration-ms="248" started-at="2021-02-11T23:32:13Z" finished-at="2021-02-11T23:32:14Z">
          <params>
            <param index="0">
              <value>
                <![CDATA[[TestResult name=InalidLoginApp status=SUCCESS method=LoginTest.InalidLoginApp(java.lang.String, java.lang.String)[pri:0, instance:com.automation.testcases.LoginTest@c038203] output={null}]]]>
              </value>
            </param>
          </params>
          <reporter-output>
            <line>
              <![CDATA[Test is about to end]]>
            </line>
            <line>
              <![CDATA[Test completed>>Report generated]]>
            </line>
          </reporter-output>
        </test-method> <!-- tearDownMethod -->
        <test-method status="PASS" signature="InalidLoginApp(java.lang.String, java.lang.String)[pri:0, instance:com.automation.testcases.LoginTest@c038203]" name="InalidLoginApp" duration-ms="5430" started-at="2021-02-11T23:32:14Z" data-provider="wordpressData" finished-at="2021-02-11T23:32:19Z">
          <params>
            <param index="0">
              <value>
                <![CDATA[Admin1]]>
              </value>
            </param>
            <param index="1">
              <value>
                <![CDATA[demo1]]>
              </value>
            </param>
          </params>
          <reporter-output>
          </reporter-output>
        </test-method> <!-- InalidLoginApp -->
        <test-method status="PASS" signature="tearDownMethod(org.testng.ITestResult)[pri:0, instance:com.automation.testcases.LoginTest@c038203]" name="tearDownMethod" is-config="true" duration-ms="248" started-at="2021-02-11T23:32:19Z" finished-at="2021-02-11T23:32:19Z">
          <params>
            <param index="0">
              <value>
                <![CDATA[[TestResult name=InalidLoginApp status=SUCCESS method=LoginTest.InalidLoginApp(java.lang.String, java.lang.String)[pri:0, instance:com.automation.testcases.LoginTest@c038203] output={null}]]]>
              </value>
            </param>
          </params>
          <reporter-output>
            <line>
              <![CDATA[Test is about to end]]>
            </line>
            <line>
              <![CDATA[Test completed>>Report generated]]>
            </line>
          </reporter-output>
        </test-method> <!-- tearDownMethod -->
        <test-method status="PASS" signature="ValidLoginApp(java.lang.String, java.lang.String)[pri:0, instance:com.automation.testcases.LoginTest@c038203]" name="ValidLoginApp" duration-ms="8076" started-at="2021-02-11T23:32:19Z" data-provider="wordpressData" finished-at="2021-02-11T23:32:27Z">
          <params>
            <param index="0">
              <value>
                <![CDATA[Admin]]>
              </value>
            </param>
            <param index="1">
              <value>
                <![CDATA[demo123]]>
              </value>
            </param>
          </params>
          <reporter-output>
          </reporter-output>
        </test-method> <!-- ValidLoginApp -->
        <test-method status="PASS" signature="tearDownMethod(org.testng.ITestResult)[pri:0, instance:com.automation.testcases.LoginTest@c038203]" name="tearDownMethod" is-config="true" duration-ms="308" started-at="2021-02-11T23:32:27Z" finished-at="2021-02-11T23:32:28Z">
          <params>
            <param index="0">
              <value>
                <![CDATA[[TestResult name=ValidLoginApp status=SUCCESS method=LoginTest.ValidLoginApp(java.lang.String, java.lang.String)[pri:0, instance:com.automation.testcases.LoginTest@c038203] output={null}]]]>
              </value>
            </param>
          </params>
          <reporter-output>
            <line>
              <![CDATA[Test is about to end]]>
            </line>
            <line>
              <![CDATA[Test completed>>Report generated]]>
            </line>
          </reporter-output>
        </test-method> <!-- tearDownMethod -->
        <test-method status="PASS" signature="teardown()[pri:0, instance:com.automation.testcases.LoginTest@c038203]" name="teardown" is-config="true" duration-ms="2276" started-at="2021-02-11T23:32:28Z" finished-at="2021-02-11T23:32:30Z">
          <reporter-output>
          </reporter-output>
        </test-method> <!-- teardown -->
      </class> <!-- com.automation.testcases.LoginTest -->
    </test> <!-- Test -->
  </suite> <!-- Suite -->
</testng-results>
