<?xml version="1.0" encoding="UTF-8"?>
<!-- Generated by org.testng.reporters.JUnitXMLReporter -->
<testsuite ignored="0" hostname="LAPTOP-HE7823DA" failures="3" tests="4" name="Test" time="32.072" errors="0" timestamp="13 Sep 2020 11:45:08 GMT">
  <testcase classname="com.automation.testcases.LoginTest" name="LoginApp" time="4.958">
    <failure type="java.lang.AssertionError" message="Unable to Login expected [true] but found [false]">
      <![CDATA[java.lang.AssertionError: Unable to Login expected [true] but found [false]
	at com.automation.testcases.LoginTest.LoginApp(LoginTest.java:30)
... Removed 28 stack frames]]>
    </failure>
  </testcase> <!-- LoginApp -->
  <testcase classname="com.automation.testcases.LoginTest" name="LoginApp" time="4.847">
    <failure type="java.lang.AssertionError" message="Unable to Login expected [true] but found [false]">
      <![CDATA[java.lang.AssertionError: Unable to Login expected [true] but found [false]
	at com.automation.testcases.LoginTest.LoginApp(LoginTest.java:30)
... Removed 28 stack frames]]>
    </failure>
  </testcase> <!-- LoginApp -->
  <testcase classname="com.automation.testcases.LoginTest" name="LoginApp" time="5.209">
    <failure type="java.lang.AssertionError" message="Unable to Login expected [true] but found [false]">
      <![CDATA[java.lang.AssertionError: Unable to Login expected [true] but found [false]
	at com.automation.testcases.LoginTest.LoginApp(LoginTest.java:30)
... Removed 28 stack frames]]>
    </failure>
  </testcase> <!-- LoginApp -->
  <testcase classname="com.automation.testcases.LoginTest" name="LoginApp" time="6.684"/>
</testsuite> <!-- Test -->
