<?xml version="1.0" encoding="UTF-8"?>
<!-- Generated by org.testng.reporters.JUnitXMLReporter -->
<testsuite hostname="LAPTOP-HE7823DA" ignored="0" name="Test" tests="5" failures="0" timestamp="11 Feb 2021 18:02:30 GMT" time="46.567" errors="0">
  <testcase name="InalidLoginApp" time="6.325" classname="com.automation.testcases.LoginTest"/>
  <testcase name="InalidLoginApp" time="5.39" classname="com.automation.testcases.LoginTest"/>
  <testcase name="InalidLoginApp" time="5.369" classname="com.automation.testcases.LoginTest"/>
  <testcase name="InalidLoginApp" time="5.43" classname="com.automation.testcases.LoginTest"/>
  <testcase name="ValidLoginApp" time="8.076" classname="com.automation.testcases.LoginTest"/>
</testsuite> <!-- Test -->
